<?xml version="1.0" encoding="UTF-8"?>
<robot generator="Robot 7.3.2 (Python 3.13.9 on darwin)" generated="2025-11-11T12:10:29.049465" rpa="false" schemaversion="5">
<suite id="s1" name="Tests" source="/Users/Ronja/Documents/TKT/ohtu/ohtu-webcounter/webcounter/src/tests">
<suite id="s1-s1" name="Increment" source="/Users/Ronja/Documents/TKT/ohtu/ohtu-webcounter/webcounter/src/tests/increment.robot">
<kw name="Open And Configure Browser" owner="resource" type="SETUP">
<kw name="Set Selenium Speed" owner="SeleniumLibrary">
<arg>${DELAY}</arg>
<doc>Sets the delay that is waited after each Selenium command.</doc>
<status status="PASS" start="2025-11-11T12:10:29.114855" elapsed="0.000104"/>
</kw>
<kw name="Open Browser" owner="SeleniumLibrary">
<msg time="2025-11-11T12:10:29.115094" level="INFO">Opening browser 'chrome' to base url 'None'.</msg>
<arg>browser=${BROWSER}</arg>
<doc>Opens a new browser instance to the optional ``url``.</doc>
<status status="PASS" start="2025-11-11T12:10:29.115019" elapsed="0.791794"/>
</kw>
<status status="PASS" start="2025-11-11T12:10:29.114607" elapsed="0.792371"/>
</kw>
<test id="s1-s1-t1" name="At start the counter is zero" line="7">
<kw name="Go To" owner="SeleniumLibrary">
<msg time="2025-11-11T12:10:29.907442" level="INFO">Opening url 'http://localhost:5001'</msg>
<arg>${HOME_URL}</arg>
<doc>Navigates the current browser window to the provided ``url``.</doc>
<status status="PASS" start="2025-11-11T12:10:29.907354" elapsed="0.519941"/>
</kw>
<kw name="Title Should Be" owner="SeleniumLibrary">
<msg time="2025-11-11T12:10:30.942303" level="INFO">Page title is 'Laskuri'.</msg>
<arg>Laskuri</arg>
<doc>Verifies that the current page title equals ``title``.</doc>
<status status="PASS" start="2025-11-11T12:10:30.428211" elapsed="0.514448"/>
</kw>
<kw name="Page Should Contain" owner="SeleniumLibrary">
<msg time="2025-11-11T12:10:31.985121" level="INFO">Current page contains text 'nappia painettu 0 kertaa'.</msg>
<arg>nappia painettu 0 kertaa</arg>
<doc>Verifies that current page contains ``text``.</doc>
<status status="PASS" start="2025-11-11T12:10:30.943323" elapsed="1.042090"/>
</kw>
<status status="PASS" start="2025-11-11T12:10:29.907060" elapsed="2.078821"/>
</test>
<test id="s1-s1-t2" name="When button pressed twice the counter is two" line="12">
<kw name="Go To" owner="SeleniumLibrary">
<msg time="2025-11-11T12:10:31.987190" level="INFO">Opening url 'http://localhost:5001'</msg>
<arg>${HOME_URL}</arg>
<doc>Navigates the current browser window to the provided ``url``.</doc>
<status status="PASS" start="2025-11-11T12:10:31.986918" elapsed="0.525475"/>
</kw>
<kw name="Click Button" owner="SeleniumLibrary">
<msg time="2025-11-11T12:10:32.514374" level="INFO">Clicking button 'Paina'.</msg>
<arg>Paina</arg>
<doc>Clicks the button identified by ``locator``.</doc>
<status status="PASS" start="2025-11-11T12:10:32.513369" elapsed="2.101062"/>
</kw>
<kw name="Click Button" owner="SeleniumLibrary">
<msg time="2025-11-11T12:10:34.615643" level="INFO">Clicking button 'Paina'.</msg>
<arg>Paina</arg>
<doc>Clicks the button identified by ``locator``.</doc>
<status status="PASS" start="2025-11-11T12:10:34.615094" elapsed="2.077666"/>
</kw>
<kw name="Page Should Contain" owner="SeleniumLibrary">
<msg time="2025-11-11T12:10:37.720574" level="INFO">Current page contains text 'nappia painettu 2 kertaa'.</msg>
<arg>nappia painettu 2 kertaa</arg>
<doc>Verifies that current page contains ``text``.</doc>
<status status="PASS" start="2025-11-11T12:10:36.693447" elapsed="1.027528"/>
</kw>
<status status="PASS" start="2025-11-11T12:10:31.986294" elapsed="5.735342"/>
</test>
<kw name="Close Browser" owner="SeleniumLibrary" type="TEARDOWN">
<doc>Closes the current browser.</doc>
<status status="PASS" start="2025-11-11T12:10:37.723032" elapsed="0.602285"/>
</kw>
<status status="PASS" start="2025-11-11T12:10:29.058418" elapsed="9.266992"/>
</suite>
<suite id="s1-s2" name="Reset" source="/Users/Ronja/Documents/TKT/ohtu/ohtu-webcounter/webcounter/src/tests/reset.robot">
<kw name="Open And Configure Browser" owner="resource" type="SETUP">
<kw name="Set Selenium Speed" owner="SeleniumLibrary">
<arg>${DELAY}</arg>
<doc>Sets the delay that is waited after each Selenium command.</doc>
<status status="PASS" start="2025-11-11T12:10:38.327783" elapsed="0.000177"/>
</kw>
<kw name="Open Browser" owner="SeleniumLibrary">
<msg time="2025-11-11T12:10:38.328166" level="INFO">Opening browser 'chrome' to base url 'None'.</msg>
<arg>browser=${BROWSER}</arg>
<doc>Opens a new browser instance to the optional ``url``.</doc>
<status status="PASS" start="2025-11-11T12:10:38.328046" elapsed="0.560641"/>
</kw>
<status status="PASS" start="2025-11-11T12:10:38.327632" elapsed="0.561200"/>
</kw>
<test id="s1-s2-t1" name="When counter has a nonzero value and it is reset the value becomes zero" line="7">
<kw name="Go To" owner="SeleniumLibrary">
<msg time="2025-11-11T12:10:38.889405" level="INFO">Opening url 'http://localhost:5001'</msg>
<arg>${HOME_URL}</arg>
<doc>Navigates the current browser window to the provided ``url``.</doc>
<status status="PASS" start="2025-11-11T12:10:38.889277" elapsed="0.518972"/>
</kw>
<kw name="Click Button" owner="SeleniumLibrary">
<msg time="2025-11-11T12:10:39.409782" level="INFO">Clicking button 'Paina'.</msg>
<arg>Paina</arg>
<doc>Clicks the button identified by ``locator``.</doc>
<status status="PASS" start="2025-11-11T12:10:39.409044" elapsed="2.104582"/>
</kw>
<kw name="Click Button" owner="SeleniumLibrary">
<msg time="2025-11-11T12:10:41.514831" level="INFO">Clicking button 'Nollaa'.</msg>
<arg>Nollaa</arg>
<doc>Clicks the button identified by ``locator``.</doc>
<status status="PASS" start="2025-11-11T12:10:41.514306" elapsed="2.085513"/>
</kw>
<kw name="Page Should Contain" owner="SeleniumLibrary">
<msg time="2025-11-11T12:10:44.625882" level="INFO">Current page contains text 'nappia painettu 0 kertaa'.</msg>
<arg>nappia painettu 0 kertaa</arg>
<doc>Verifies that current page contains ``text``.</doc>
<status status="PASS" start="2025-11-11T12:10:43.600548" elapsed="1.025651"/>
</kw>
<status status="PASS" start="2025-11-11T12:10:38.888906" elapsed="5.737838"/>
</test>
<kw name="Close Browser" owner="SeleniumLibrary" type="TEARDOWN">
<doc>Closes the current browser.</doc>
<status status="PASS" start="2025-11-11T12:10:44.627704" elapsed="0.570769"/>
</kw>
<status status="PASS" start="2025-11-11T12:10:38.325915" elapsed="6.872736"/>
</suite>
<status status="PASS" start="2025-11-11T12:10:29.049897" elapsed="16.149894"/>
</suite>
<statistics>
<total>
<stat pass="3" fail="0" skip="0">All Tests</stat>
</total>
<tag>
</tag>
<suite>
<stat name="Tests" id="s1" pass="3" fail="0" skip="0">Tests</stat>
<stat name="Increment" id="s1-s1" pass="2" fail="0" skip="0">Tests.Increment</stat>
<stat name="Reset" id="s1-s2" pass="1" fail="0" skip="0">Tests.Reset</stat>
</suite>
</statistics>
<errors>
</errors>
</robot>
